c:\users\trist\source\repos\sfml rpg\sfml-rpg\sfml rpg\x64\debug\vc143.pdb
c:\users\trist\source\repos\sfml rpg\sfml-rpg\sfml rpg\x64\debug\vc143.idb
c:\users\trist\source\repos\sfml rpg\sfml-rpg\sfml rpg\x64\debug\state.obj
c:\users\trist\source\repos\sfml rpg\sfml-rpg\sfml rpg\x64\debug\mainmenustate.obj
c:\users\trist\source\repos\sfml rpg\sfml-rpg\sfml rpg\x64\debug\main.obj
c:\users\trist\source\repos\sfml rpg\sfml-rpg\sfml rpg\x64\debug\gamestate.obj
c:\users\trist\source\repos\sfml rpg\sfml-rpg\sfml rpg\x64\debug\game.obj
c:\users\trist\source\repos\sfml rpg\sfml-rpg\sfml rpg\x64\debug\entity.obj
c:\users\trist\source\repos\sfml rpg\sfml-rpg\sfml rpg\x64\debug\button.obj
c:\users\trist\source\repos\sfml rpg\sfml-rpg\x64\debug\sfml rpg.exe
c:\users\trist\source\repos\sfml rpg\sfml-rpg\x64\debug\sfml rpg.pdb
c:\users\trist\source\repos\sfml rpg\sfml-rpg\sfml rpg\x64\debug\sfml rpg.ilk
c:\users\trist\source\repos\sfml rpg\sfml-rpg\sfml rpg\x64\debug\sfml rpg.tlog\cl.command.1.tlog
c:\users\trist\source\repos\sfml rpg\sfml-rpg\sfml rpg\x64\debug\sfml rpg.tlog\cl.items.tlog
c:\users\trist\source\repos\sfml rpg\sfml-rpg\sfml rpg\x64\debug\sfml rpg.tlog\cl.read.1.tlog
c:\users\trist\source\repos\sfml rpg\sfml-rpg\sfml rpg\x64\debug\sfml rpg.tlog\cl.write.1.tlog
c:\users\trist\source\repos\sfml rpg\sfml-rpg\sfml rpg\x64\debug\sfml rpg.tlog\link.command.1.tlog
c:\users\trist\source\repos\sfml rpg\sfml-rpg\sfml rpg\x64\debug\sfml rpg.tlog\link.read.1.tlog
c:\users\trist\source\repos\sfml rpg\sfml-rpg\sfml rpg\x64\debug\sfml rpg.tlog\link.secondary.1.tlog
c:\users\trist\source\repos\sfml rpg\sfml-rpg\sfml rpg\x64\debug\sfml rpg.tlog\link.write.1.tlog
